<?xml version="1.0" encoding="UTF-8"?>
<!-- Generated by org.testng.reporters.JUnitReportReporter -->
<testsuite hostname="DESKTOP-NF1N6AG" failures="0" tests="1" name="qaclickacademy.AppTest" time="0.003" errors="0" timestamp="2020-01-22T12:30:07 PST" skipped="0">
  <testcase classname="qaclickacademy.AppTest" name="testApp" time="0.003"/>
  <system-out/>
</testsuite> <!-- qaclickacademy.AppTest -->
